<?xml version="1.0" encoding="UTF-8"?>
<!-- Generated by org.testng.reporters.JUnitXMLReporter -->
<testsuite ignored="0" hostname="IRSYADMA" failures="0" tests="4" name="Default test" time="7.275" errors="0" timestamp="2024-08-02T05:43:58 ICT">
  <testcase classname="com.test.kerja.sqa.api.indodax.UserGet" name="getalluserbyid" time="3.45"/>
  <testcase classname="com.test.kerja.sqa.api.indodax.UserGet" name="getcomment" time="1.205"/>
  <testcase classname="com.test.kerja.sqa.api.indodax.UserGet" name="getpostcontent" time="1.464"/>
  <testcase classname="com.test.kerja.sqa.api.indodax.UserGet" name="gettodo" time="1.095"/>
</testsuite> <!-- Default test -->
