<?xml version="1.0" encoding="UTF-8"?>
<testng-results ignored="0" total="4" passed="4" failed="0" skipped="0">
  <reporter-output>
  </reporter-output>
  <suite started-at="2024-08-02T05:43:51 ICT" name="Default suite" finished-at="2024-08-02T05:43:58 ICT" duration-ms="7275">
    <groups>
    </groups>
    <test started-at="2024-08-02T05:43:51 ICT" name="Default test" finished-at="2024-08-02T05:43:58 ICT" duration-ms="7275">
      <class name="com.test.kerja.sqa.api.indodax.UserGet">
        <test-method is-config="true" signature="setupget()[pri:0, instance:com.test.kerja.sqa.api.indodax.UserGet@5ace1ed4]" started-at="2024-08-02T05:43:51 ICT" name="setupget" finished-at="2024-08-02T05:43:51 ICT" duration-ms="9" status="PASS">
          <reporter-output>
          </reporter-output>
        </test-method> <!-- setupget -->
        <test-method signature="getalluserbyid()[pri:0, instance:com.test.kerja.sqa.api.indodax.UserGet@5ace1ed4]" started-at="2024-08-02T05:43:51 ICT" name="getalluserbyid" finished-at="2024-08-02T05:43:55 ICT" duration-ms="3450" status="PASS">
          <reporter-output>
          </reporter-output>
        </test-method> <!-- getalluserbyid -->
        <test-method signature="getcomment()[pri:0, instance:com.test.kerja.sqa.api.indodax.UserGet@5ace1ed4]" started-at="2024-08-02T05:43:55 ICT" name="getcomment" finished-at="2024-08-02T05:43:56 ICT" duration-ms="1205" status="PASS">
          <reporter-output>
          </reporter-output>
        </test-method> <!-- getcomment -->
        <test-method signature="getpostcontent()[pri:0, instance:com.test.kerja.sqa.api.indodax.UserGet@5ace1ed4]" started-at="2024-08-02T05:43:56 ICT" name="getpostcontent" finished-at="2024-08-02T05:43:57 ICT" duration-ms="1464" status="PASS">
          <reporter-output>
          </reporter-output>
        </test-method> <!-- getpostcontent -->
        <test-method signature="gettodo()[pri:0, instance:com.test.kerja.sqa.api.indodax.UserGet@5ace1ed4]" started-at="2024-08-02T05:43:57 ICT" name="gettodo" finished-at="2024-08-02T05:43:58 ICT" duration-ms="1095" status="PASS">
          <reporter-output>
          </reporter-output>
        </test-method> <!-- gettodo -->
      </class> <!-- com.test.kerja.sqa.api.indodax.UserGet -->
    </test> <!-- Default test -->
  </suite> <!-- Default suite -->
</testng-results>
